<?xml version="1.0" encoding="UTF-8"?>
<coverage generated="1465512119">
  <project timestamp="1465512119">
    <package name="Kpicaza\RedisETagCache\Exception">
      <file name="/home/kpicaza/server/Kpicaza/RedisETagCache/Exception/EmptyETagException.php">
        <class name="EmptyETagException" namespace="Kpicaza\RedisETagCache\Exception" fullPackage="Kpicaza" package="Kpicaza">
          <metrics methods="0" coveredmethods="0" conditionals="0" coveredconditionals="0" statements="0" coveredstatements="0" elements="0" coveredelements="0"/>
        </class>
        <metrics loc="11" ncloc="5" classes="1" methods="0" coveredmethods="0" conditionals="0" coveredconditionals="0" statements="0" coveredstatements="0" elements="0" coveredelements="0"/>
      </file>
    </package>
    <package name="Kpicaza\RedisETagCache">
      <file name="/home/kpicaza/server/Kpicaza/RedisETagCache/RedisETagCache.php">
        <class name="RedisETagCache" namespace="Kpicaza\RedisETagCache" fullPackage="Kpicaza" package="Kpicaza">
          <metrics methods="3" coveredmethods="3" conditionals="0" coveredconditionals="0" statements="5" coveredstatements="5" elements="8" coveredelements="8"/>
        </class>
        <line num="19" type="method" name="__construct" crap="1" count="5"/>
        <line num="21" type="stmt" count="5"/>
        <line num="22" type="stmt" count="5"/>
        <line num="23" type="stmt" count="5"/>
        <line num="29" type="method" name="setETag" crap="1" count="1"/>
        <line num="31" type="stmt" count="1"/>
        <line num="37" type="method" name="getETag" crap="1" count="2"/>
        <line num="39" type="stmt" count="2"/>
        <metrics loc="41" ncloc="23" classes="1" methods="3" coveredmethods="3" conditionals="0" coveredconditionals="0" statements="5" coveredstatements="5" elements="8" coveredelements="8"/>
      </file>
      <file name="/home/kpicaza/server/Kpicaza/RedisETagCache/RedisETagGenerator.php">
        <class name="RedisETagGenerator" namespace="Kpicaza\RedisETagCache" fullPackage="Kpicaza" package="Kpicaza">
          <metrics methods="1" coveredmethods="1" conditionals="0" coveredconditionals="0" statements="3" coveredstatements="3" elements="4" coveredelements="4"/>
        </class>
        <line num="16" type="method" name="create" crap="2" count="3"/>
        <line num="18" type="stmt" count="3"/>
        <line num="19" type="stmt" count="1"/>
        <line num="22" type="stmt" count="2"/>
        <metrics loc="24" ncloc="15" classes="1" methods="1" coveredmethods="1" conditionals="0" coveredconditionals="0" statements="3" coveredstatements="3" elements="4" coveredelements="4"/>
      </file>
    </package>
    <metrics files="3" loc="76" ncloc="43" classes="3" methods="4" coveredmethods="4" conditionals="0" coveredconditionals="0" statements="8" coveredstatements="8" elements="12" coveredelements="12"/>
  </project>
</coverage>
